Removed Pin From Net: NetName=NetJ1_1 Pin=SW1-1
Removed Pin From Net: NetName=+5 Pin=SW1-3
Removed Pin From Net: NetName=+5 Pin=SW2-1
Removed Pin From Net: NetName=NetP1_9 Pin=SW2-3
Removed Pin From Net: NetName=+5 Pin=SW3-1
Removed Pin From Net: NetName=NetP1_6 Pin=SW3-3
Removed Pin From Net: NetName=+5 Pin=SW4-1
Removed Pin From Net: NetName=NetP1_3 Pin=SW4-3
Removed Member From Class: ClassName=LED Strip Board Schematic Member=SW1
Removed Member From Class: ClassName=LED Strip Board Schematic Member=SW2
Removed Member From Class: ClassName=LED Strip Board Schematic Member=SW3
Removed Member From Class: ClassName=LED Strip Board Schematic Member=SW4
Added Component: Designator=S1(SW_GF-123-0054)
Add component (AddParameter): Name = "Availability"; Value = "Good"; VariantName = "[No Variations]"
Add component (AddParameter): Name = "Check_prices"; Value = "https://www.snapeda.com/parts/GF-123-0054/CW%20Industries/view-part/2176135/?ref=eda"; VariantName = "[No Variations]"
Add component (AddParameter): Name = "MF"; Value = "CW Industries"; VariantName = "[No Variations]"
Add component (AddParameter): Name = "MP"; Value = "GF-123-0054"; VariantName = "[No Variations]"
Add component (AddParameter): Name = "Package"; Value = "None"; VariantName = "[No Variations]"
Add component (AddParameter): Name = "Price"; Value = "None"; VariantName = "[No Variations]"
Add component (AddParameter): Name = "Purchase-URL"; Value = "https://pricing.snapeda.com/search/part/GF-123-0054/?ref=eda"; VariantName = "[No Variations]"
Add component (AddParameter): Name = "SnapEDA_Link"; Value = "https://www.snapeda.com/parts/GF-123-0054/CW%20Industries/view-part/2176135/?ref=snap"; VariantName = "[No Variations]"
Add component (AddParameter): Name = "Value"; Value = ""; VariantName = "[No Variations]"
Added Component: Designator=S2(SW_GF-123-0054)
Add component (AddParameter): Name = "Availability"; Value = "Good"; VariantName = "[No Variations]"
Add component (AddParameter): Name = "Check_prices"; Value = "https://www.snapeda.com/parts/GF-123-0054/CW%20Industries/view-part/2176135/?ref=eda"; VariantName = "[No Variations]"
Add component (AddParameter): Name = "MF"; Value = "CW Industries"; VariantName = "[No Variations]"
Add component (AddParameter): Name = "MP"; Value = "GF-123-0054"; VariantName = "[No Variations]"
Add component (AddParameter): Name = "Package"; Value = "None"; VariantName = "[No Variations]"
Add component (AddParameter): Name = "Price"; Value = "None"; VariantName = "[No Variations]"
Add component (AddParameter): Name = "Purchase-URL"; Value = "https://pricing.snapeda.com/search/part/GF-123-0054/?ref=eda"; VariantName = "[No Variations]"
Add component (AddParameter): Name = "SnapEDA_Link"; Value = "https://www.snapeda.com/parts/GF-123-0054/CW%20Industries/view-part/2176135/?ref=snap"; VariantName = "[No Variations]"
Add component (AddParameter): Name = "Value"; Value = ""; VariantName = "[No Variations]"
Added Component: Designator=S3(SW_GF-123-0054)
Add component (AddParameter): Name = "Availability"; Value = "Good"; VariantName = "[No Variations]"
Add component (AddParameter): Name = "Check_prices"; Value = "https://www.snapeda.com/parts/GF-123-0054/CW%20Industries/view-part/2176135/?ref=eda"; VariantName = "[No Variations]"
Add component (AddParameter): Name = "MF"; Value = "CW Industries"; VariantName = "[No Variations]"
Add component (AddParameter): Name = "MP"; Value = "GF-123-0054"; VariantName = "[No Variations]"
Add component (AddParameter): Name = "Package"; Value = "None"; VariantName = "[No Variations]"
Add component (AddParameter): Name = "Price"; Value = "None"; VariantName = "[No Variations]"
Add component (AddParameter): Name = "Purchase-URL"; Value = "https://pricing.snapeda.com/search/part/GF-123-0054/?ref=eda"; VariantName = "[No Variations]"
Add component (AddParameter): Name = "SnapEDA_Link"; Value = "https://www.snapeda.com/parts/GF-123-0054/CW%20Industries/view-part/2176135/?ref=snap"; VariantName = "[No Variations]"
Add component (AddParameter): Name = "Value"; Value = ""; VariantName = "[No Variations]"
Added Component: Designator=S4(SW_GF-123-0054)
Add component (AddParameter): Name = "Availability"; Value = "Good"; VariantName = "[No Variations]"
Add component (AddParameter): Name = "Check_prices"; Value = "https://www.snapeda.com/parts/GF-123-0054/CW%20Industries/view-part/2176135/?ref=eda"; VariantName = "[No Variations]"
Add component (AddParameter): Name = "MF"; Value = "CW Industries"; VariantName = "[No Variations]"
Add component (AddParameter): Name = "MP"; Value = "GF-123-0054"; VariantName = "[No Variations]"
Add component (AddParameter): Name = "Package"; Value = "None"; VariantName = "[No Variations]"
Add component (AddParameter): Name = "Price"; Value = "None"; VariantName = "[No Variations]"
Add component (AddParameter): Name = "Purchase-URL"; Value = "https://pricing.snapeda.com/search/part/GF-123-0054/?ref=eda"; VariantName = "[No Variations]"
Add component (AddParameter): Name = "SnapEDA_Link"; Value = "https://www.snapeda.com/parts/GF-123-0054/CW%20Industries/view-part/2176135/?ref=snap"; VariantName = "[No Variations]"
Add component (AddParameter): Name = "Value"; Value = ""; VariantName = "[No Variations]"
Added Pin To Net: NetName=+5 Pin=S1-1
Added Pin To Net: NetName=NetJ1_1 Pin=S1-2
Added Pin To Net: NetName=NetP1_9 Pin=S2-1
Added Pin To Net: NetName=+5 Pin=S2-2
Added Pin To Net: NetName=NetP1_6 Pin=S3-1
Added Pin To Net: NetName=+5 Pin=S3-2
Added Pin To Net: NetName=NetP1_3 Pin=S4-1
Added Pin To Net: NetName=+5 Pin=S4-2
Added Member To Class: ClassName=LED Strip Board Schematic Member=Component S1 GF-123-0054
Added Member To Class: ClassName=LED Strip Board Schematic Member=Component S2 GF-123-0054
Added Member To Class: ClassName=LED Strip Board Schematic Member=Component S3 GF-123-0054
Added Member To Class: ClassName=LED Strip Board Schematic Member=Component S4 GF-123-0054
Added Room: Name=LED Strip Board Schematic
